This file contains any messages produced by compilers while
running configure, to aid debugging if configure makes a mistake.

It was created by Google C++ Testing Framework configure 1.5.0, which was
generated by GNU Autoconf 2.69.  Invocation command line was

  $ ./configure --disable-option-checking --prefix=/usr/local --cache-file=/dev/null --srcdir=.

## --------- ##
## Platform. ##
## --------- ##

hostname = ZCU102.16.04
uname -m = aarch64
uname -r = 4.19.0-xilinx-v2019.1
uname -s = Linux
uname -v = #1 SMP Fri Jul 23 11:13:34 UTC 2021

/usr/bin/uname -p = unknown
/bin/uname -X     = unknown

/bin/arch              = unknown
/usr/bin/arch -k       = unknown
/usr/convex/getsysinfo = unknown
/usr/bin/hostinfo      = unknown
/bin/machine           = unknown
/usr/bin/oslevel       = unknown
/bin/universe          = unknown

PATH: /usr/local/sbin
PATH: /usr/local/bin
PATH: /usr/sbin
PATH: /usr/bin
PATH: /sbin
PATH: /bin
PATH: /usr/games
PATH: /usr/local/games
PATH: /snap/bin


## ----------- ##
## Core tests. ##
## ----------- ##

configure:2319: checking for a BSD-compatible install
configure:2387: result: /usr/bin/install -c
configure:2398: checking whether build environment is sane
configure:2453: result: yes
configure:2604: checking for a thread-safe mkdir -p
configure:2643: result: /bin/mkdir -p
configure:2650: checking for gawk
configure:2680: result: no
configure:2650: checking for mawk
configure:2666: found /usr/bin/mawk
configure:2677: result: mawk
configure:2688: checking whether make sets $(MAKE)
configure:2710: result: yes
configure:2739: checking whether make supports nested variables
configure:2756: result: yes
configure:2931: checking for gcc
configure:2947: found /usr/bin/gcc
configure:2958: result: gcc
configure:3187: checking for C compiler version
configure:3196: gcc --version >&5
gcc (Ubuntu/Linaro 5.4.0-6ubuntu1~16.04.12) 5.4.0 20160609
Copyright (C) 2015 Free Software Foundation, Inc.
This is free software; see the source for copying conditions.  There is NO
warranty; not even for MERCHANTABILITY or FITNESS FOR A PARTICULAR PURPOSE.

configure:3207: $? = 0
configure:3196: gcc -v >&5
Using built-in specs.
COLLECT_GCC=gcc
COLLECT_LTO_WRAPPER=/usr/lib/gcc/aarch64-linux-gnu/5/lto-wrapper
Target: aarch64-linux-gnu
Configured with: ../src/configure -v --with-pkgversion='Ubuntu/Linaro 5.4.0-6ubuntu1~16.04.12' --with-bugurl=file:///usr/share/doc/gcc-5/README.Bugs --enable-languages=c,ada,c++,java,go,d,fortran,objc,obj-c++ --prefix=/usr --program-suffix=-5 --enable-shared --enable-linker-build-id --libexecdir=/usr/lib --without-included-gettext --enable-threads=posix --libdir=/usr/lib --enable-nls --with-sysroot=/ --enable-clocale=gnu --enable-libstdcxx-debug --enable-libstdcxx-time=yes --with-default-libstdcxx-abi=new --enable-gnu-unique-object --disable-libquadmath --enable-plugin --with-system-zlib --disable-browser-plugin --enable-java-awt=gtk --enable-gtk-cairo --with-java-home=/usr/lib/jvm/java-1.5.0-gcj-5-arm64/jre --enable-java-home --with-jvm-root-dir=/usr/lib/jvm/java-1.5.0-gcj-5-arm64 --with-jvm-jar-dir=/usr/lib/jvm-exports/java-1.5.0-gcj-5-arm64 --with-arch-directory=aarch64 --with-ecj-jar=/usr/share/java/eclipse-ecj.jar --enable-multiarch --enable-fix-cortex-a53-843419 --disable-werror --enable-checking=release --build=aarch64-linux-gnu --host=aarch64-linux-gnu --target=aarch64-linux-gnu
Thread model: posix
gcc version 5.4.0 20160609 (Ubuntu/Linaro 5.4.0-6ubuntu1~16.04.12) 
configure:3207: $? = 0
configure:3196: gcc -V >&5
gcc: error: unrecognized command line option '-V'
gcc: fatal error: no input files
compilation terminated.
configure:3207: $? = 1
configure:3196: gcc -qversion >&5
gcc: error: unrecognized command line option '-qversion'
gcc: fatal error: no input files
compilation terminated.
configure:3207: $? = 1
configure:3227: checking whether the C compiler works
configure:3249: gcc -fPIC   conftest.c  >&5
configure:3253: $? = 0
configure:3301: result: yes
configure:3304: checking for C compiler default output file name
configure:3306: result: a.out
configure:3312: checking for suffix of executables
configure:3319: gcc -o conftest -fPIC   conftest.c  >&5
configure:3323: $? = 0
configure:3345: result: 
configure:3367: checking whether we are cross compiling
configure:3375: gcc -o conftest -fPIC   conftest.c  >&5
configure:3379: $? = 0
configure:3386: ./conftest
configure:3390: $? = 0
configure:3405: result: no
configure:3410: checking for suffix of object files
configure:3432: gcc -c -fPIC  conftest.c >&5
configure:3436: $? = 0
configure:3457: result: o
configure:3461: checking whether we are using the GNU C compiler
configure:3480: gcc -c -fPIC  conftest.c >&5
configure:3480: $? = 0
configure:3489: result: yes
configure:3498: checking whether gcc accepts -g
configure:3518: gcc -c -g  conftest.c >&5
configure:3518: $? = 0
configure:3559: result: yes
configure:3576: checking for gcc option to accept ISO C89
configure:3639: gcc  -c -fPIC  conftest.c >&5
configure:3639: $? = 0
configure:3652: result: none needed
configure:3677: checking whether gcc understands -c and -o together
configure:3699: gcc -c conftest.c -o conftest2.o
configure:3702: $? = 0
configure:3699: gcc -c conftest.c -o conftest2.o
configure:3702: $? = 0
configure:3714: result: yes
configure:3742: checking for style of include used by make
configure:3770: result: GNU
configure:3796: checking dependency style of gcc
configure:3907: result: gcc3
configure:3980: checking for g++
configure:3996: found /usr/bin/g++
configure:4007: result: g++
configure:4034: checking for C++ compiler version
configure:4043: g++ --version >&5
g++ (Ubuntu/Linaro 5.4.0-6ubuntu1~16.04.12) 5.4.0 20160609
Copyright (C) 2015 Free Software Foundation, Inc.
This is free software; see the source for copying conditions.  There is NO
warranty; not even for MERCHANTABILITY or FITNESS FOR A PARTICULAR PURPOSE.

configure:4054: $? = 0
configure:4043: g++ -v >&5
Using built-in specs.
COLLECT_GCC=g++
COLLECT_LTO_WRAPPER=/usr/lib/gcc/aarch64-linux-gnu/5/lto-wrapper
Target: aarch64-linux-gnu
Configured with: ../src/configure -v --with-pkgversion='Ubuntu/Linaro 5.4.0-6ubuntu1~16.04.12' --with-bugurl=file:///usr/share/doc/gcc-5/README.Bugs --enable-languages=c,ada,c++,java,go,d,fortran,objc,obj-c++ --prefix=/usr --program-suffix=-5 --enable-shared --enable-linker-build-id --libexecdir=/usr/lib --without-included-gettext --enable-threads=posix --libdir=/usr/lib --enable-nls --with-sysroot=/ --enable-clocale=gnu --enable-libstdcxx-debug --enable-libstdcxx-time=yes --with-default-libstdcxx-abi=new --enable-gnu-unique-object --disable-libquadmath --enable-plugin --with-system-zlib --disable-browser-plugin --enable-java-awt=gtk --enable-gtk-cairo --with-java-home=/usr/lib/jvm/java-1.5.0-gcj-5-arm64/jre --enable-java-home --with-jvm-root-dir=/usr/lib/jvm/java-1.5.0-gcj-5-arm64 --with-jvm-jar-dir=/usr/lib/jvm-exports/java-1.5.0-gcj-5-arm64 --with-arch-directory=aarch64 --with-ecj-jar=/usr/share/java/eclipse-ecj.jar --enable-multiarch --enable-fix-cortex-a53-843419 --disable-werror --enable-checking=release --build=aarch64-linux-gnu --host=aarch64-linux-gnu --target=aarch64-linux-gnu
Thread model: posix
gcc version 5.4.0 20160609 (Ubuntu/Linaro 5.4.0-6ubuntu1~16.04.12) 
configure:4054: $? = 0
configure:4043: g++ -V >&5
g++: error: unrecognized command line option '-V'
g++: fatal error: no input files
compilation terminated.
configure:4054: $? = 1
configure:4043: g++ -qversion >&5
g++: error: unrecognized command line option '-qversion'
g++: fatal error: no input files
compilation terminated.
configure:4054: $? = 1
configure:4058: checking whether we are using the GNU C++ compiler
configure:4077: g++ -c -fPIC -g -DNDEBUG  conftest.cpp >&5
configure:4077: $? = 0
configure:4086: result: yes
configure:4095: checking whether g++ accepts -g
configure:4115: g++ -c -g  conftest.cpp >&5
configure:4115: $? = 0
configure:4156: result: yes
configure:4181: checking dependency style of g++
configure:4292: result: gcc3
configure:4342: checking build system type
configure:4356: result: aarch64-unknown-linux-gnu
configure:4376: checking host system type
configure:4389: result: aarch64-unknown-linux-gnu
configure:4430: checking how to print strings
configure:4457: result: printf
configure:4478: checking for a sed that does not truncate output
configure:4542: result: /bin/sed
configure:4560: checking for grep that handles long lines and -e
configure:4618: result: /bin/grep
configure:4623: checking for egrep
configure:4685: result: /bin/grep -E
configure:4690: checking for fgrep
configure:4752: result: /bin/grep -F
configure:4787: checking for ld used by gcc
configure:4854: result: /usr/bin/ld
configure:4861: checking if the linker (/usr/bin/ld) is GNU ld
configure:4876: result: yes
configure:4888: checking for BSD- or MS-compatible name lister (nm)
configure:4937: result: /usr/bin/nm -B
configure:5067: checking the name lister (/usr/bin/nm -B) interface
configure:5074: g++ -c -fPIC -g -DNDEBUG  conftest.cpp >&5
configure:5077: /usr/bin/nm -B "conftest.o"
configure:5080: output
0000000000000000 B some_variable
configure:5087: result: BSD nm
configure:5090: checking whether ln -s works
configure:5094: result: yes
configure:5102: checking the maximum length of command line arguments
configure:5233: result: 1572864
configure:5250: checking whether the shell understands some XSI constructs
configure:5260: result: yes
configure:5264: checking whether the shell understands "+="
configure:5270: result: yes
configure:5305: checking how to convert aarch64-unknown-linux-gnu file names to aarch64-unknown-linux-gnu format
configure:5345: result: func_convert_file_noop
configure:5352: checking how to convert aarch64-unknown-linux-gnu file names to toolchain format
configure:5372: result: func_convert_file_noop
configure:5379: checking for /usr/bin/ld option to reload object files
configure:5386: result: -r
configure:5460: checking for objdump
configure:5476: found /usr/bin/objdump
configure:5487: result: objdump
configure:5519: checking how to recognize dependent libraries
configure:5717: result: pass_all
configure:5802: checking for dlltool
configure:5832: result: no
configure:5862: checking how to associate runtime and link libraries
configure:5889: result: printf %s\n
configure:5950: checking for ar
configure:5966: found /usr/bin/ar
configure:5977: result: ar
configure:6014: checking for archiver @FILE support
configure:6031: g++ -c -fPIC -g -DNDEBUG  conftest.cpp >&5
configure:6031: $? = 0
configure:6034: ar cru libconftest.a @conftest.lst >&5
ar: `u' modifier ignored since `D' is the default (see `U')
configure:6037: $? = 0
configure:6042: ar cru libconftest.a @conftest.lst >&5
ar: `u' modifier ignored since `D' is the default (see `U')
ar: conftest.o: No such file or directory
configure:6045: $? = 1
configure:6057: result: @
configure:6115: checking for strip
configure:6131: found /usr/bin/strip
configure:6142: result: strip
configure:6214: checking for ranlib
configure:6230: found /usr/bin/ranlib
configure:6241: result: ranlib
configure:6343: checking command to parse /usr/bin/nm -B output from gcc object
configure:6463: g++ -c -fPIC -g -DNDEBUG  conftest.cpp >&5
configure:6466: $? = 0
configure:6470: /usr/bin/nm -B conftest.o \| sed -n -e 's/^.*[ ]\([ABCDGIRSTW][ABCDGIRSTW]*\)[ ][ ]*\([_A-Za-z][_A-Za-z0-9]*\)$/\1 \2 \2/p' | sed '/ __gnu_lto/d' \> conftest.nm
configure:6473: $? = 0
configure:6539: g++ -o conftest -fPIC -g -DNDEBUG   conftest.cpp conftstm.o >&5
configure:6542: $? = 0
configure:6580: result: ok
configure:6617: checking for sysroot
configure:6647: result: no
configure:6917: checking for mt
configure:6947: result: no
configure:6967: checking if : is a manifest tool
configure:6973: : '-?'
configure:6981: result: no
configure:7623: checking how to run the C preprocessor
configure:7654: gcc -E  conftest.c
configure:7654: $? = 0
configure:7668: gcc -E  conftest.c
conftest.c:11:28: fatal error: ac_nonexistent.h: No such file or directory
compilation terminated.
configure:7668: $? = 1
configure: failed program was:
| /* confdefs.h */
| #define PACKAGE_NAME "Google C++ Testing Framework"
| #define PACKAGE_TARNAME "gtest"
| #define PACKAGE_VERSION "1.5.0"
| #define PACKAGE_STRING "Google C++ Testing Framework 1.5.0"
| #define PACKAGE_BUGREPORT "googletestframework@googlegroups.com"
| #define PACKAGE_URL ""
| #define PACKAGE "gtest"
| #define VERSION "1.5.0"
| /* end confdefs.h.  */
| #include <ac_nonexistent.h>
configure:7693: result: gcc -E
configure:7713: gcc -E  conftest.c
configure:7713: $? = 0
configure:7727: gcc -E  conftest.c
conftest.c:11:28: fatal error: ac_nonexistent.h: No such file or directory
compilation terminated.
configure:7727: $? = 1
configure: failed program was:
| /* confdefs.h */
| #define PACKAGE_NAME "Google C++ Testing Framework"
| #define PACKAGE_TARNAME "gtest"
| #define PACKAGE_VERSION "1.5.0"
| #define PACKAGE_STRING "Google C++ Testing Framework 1.5.0"
| #define PACKAGE_BUGREPORT "googletestframework@googlegroups.com"
| #define PACKAGE_URL ""
| #define PACKAGE "gtest"
| #define VERSION "1.5.0"
| /* end confdefs.h.  */
| #include <ac_nonexistent.h>
configure:7756: checking for ANSI C header files
configure:7776: gcc -c -fPIC  conftest.c >&5
configure:7776: $? = 0
configure:7849: gcc -o conftest -fPIC   conftest.c  >&5
configure:7849: $? = 0
configure:7849: ./conftest
configure:7849: $? = 0
configure:7860: result: yes
configure:7873: checking for sys/types.h
configure:7873: gcc -c -fPIC  conftest.c >&5
configure:7873: $? = 0
configure:7873: result: yes
configure:7873: checking for sys/stat.h
configure:7873: gcc -c -fPIC  conftest.c >&5
configure:7873: $? = 0
configure:7873: result: yes
configure:7873: checking for stdlib.h
configure:7873: gcc -c -fPIC  conftest.c >&5
configure:7873: $? = 0
configure:7873: result: yes
configure:7873: checking for string.h
configure:7873: gcc -c -fPIC  conftest.c >&5
configure:7873: $? = 0
configure:7873: result: yes
configure:7873: checking for memory.h
configure:7873: gcc -c -fPIC  conftest.c >&5
configure:7873: $? = 0
configure:7873: result: yes
configure:7873: checking for strings.h
configure:7873: gcc -c -fPIC  conftest.c >&5
configure:7873: $? = 0
configure:7873: result: yes
configure:7873: checking for inttypes.h
configure:7873: gcc -c -fPIC  conftest.c >&5
configure:7873: $? = 0
configure:7873: result: yes
configure:7873: checking for stdint.h
configure:7873: gcc -c -fPIC  conftest.c >&5
configure:7873: $? = 0
configure:7873: result: yes
configure:7873: checking for unistd.h
configure:7873: gcc -c -fPIC  conftest.c >&5
configure:7873: $? = 0
configure:7873: result: yes
configure:7887: checking for dlfcn.h
configure:7887: gcc -c -fPIC  conftest.c >&5
configure:7887: $? = 0
configure:7887: result: yes
configure:8103: checking for objdir
configure:8118: result: .libs
configure:8385: checking if gcc supports -fno-rtti -fno-exceptions
configure:8403: gcc -c -fPIC  -fno-rtti -fno-exceptions conftest.c >&5
cc1: warning: command line option '-fno-rtti' is valid for C++/ObjC++ but not for C
configure:8407: $? = 0
configure:8420: result: no
configure:8747: checking for gcc option to produce PIC
configure:8754: result: -fPIC -DPIC
configure:8762: checking if gcc PIC flag -fPIC -DPIC works
configure:8780: gcc -c -fPIC  -fPIC -DPIC -DPIC conftest.c >&5
configure:8784: $? = 0
configure:8797: result: yes
configure:8826: checking if gcc static flag -static works
configure:8854: result: yes
configure:8869: checking if gcc supports -c -o file.o
configure:8890: gcc -c -fPIC  -o out/conftest2.o conftest.c >&5
configure:8894: $? = 0
configure:8916: result: yes
configure:8924: checking if gcc supports -c -o file.o
configure:8971: result: yes
configure:9004: checking whether the gcc linker (/usr/bin/ld) supports shared libraries
configure:10161: result: yes
configure:10198: checking whether -lc should be explicitly linked in
configure:10206: gcc -c -fPIC  conftest.c >&5
configure:10209: $? = 0
configure:10224: gcc -shared  -fPIC -DPIC conftest.o  -v -Wl,-soname -Wl,conftest -o conftest 2\>\&1 \| /bin/grep  -lc  \>/dev/null 2\>\&1
configure:10227: $? = 0
configure:10241: result: no
configure:10401: checking dynamic linker characteristics
configure:10901: gcc -o conftest -fPIC   -Wl,-rpath -Wl,/foo conftest.c  >&5
configure:10901: $? = 0
configure:11135: result: GNU/Linux ld.so
configure:11242: checking how to hardcode library paths into programs
configure:11267: result: immediate
configure:11807: checking whether stripping libraries is possible
configure:11812: result: yes
configure:11847: checking if libtool supports shared libraries
configure:11849: result: yes
configure:11852: checking whether to build shared libraries
configure:11873: result: yes
configure:11876: checking whether to build static libraries
configure:11880: result: yes
configure:11903: checking how to run the C++ preprocessor
configure:11930: g++ -E  conftest.cpp
configure:11930: $? = 0
configure:11944: g++ -E  conftest.cpp
conftest.cpp:23:28: fatal error: ac_nonexistent.h: No such file or directory
compilation terminated.
configure:11944: $? = 1
configure: failed program was:
| /* confdefs.h */
| #define PACKAGE_NAME "Google C++ Testing Framework"
| #define PACKAGE_TARNAME "gtest"
| #define PACKAGE_VERSION "1.5.0"
| #define PACKAGE_STRING "Google C++ Testing Framework 1.5.0"
| #define PACKAGE_BUGREPORT "googletestframework@googlegroups.com"
| #define PACKAGE_URL ""
| #define PACKAGE "gtest"
| #define VERSION "1.5.0"
| #define STDC_HEADERS 1
| #define HAVE_SYS_TYPES_H 1
| #define HAVE_SYS_STAT_H 1
| #define HAVE_STDLIB_H 1
| #define HAVE_STRING_H 1
| #define HAVE_MEMORY_H 1
| #define HAVE_STRINGS_H 1
| #define HAVE_INTTYPES_H 1
| #define HAVE_STDINT_H 1
| #define HAVE_UNISTD_H 1
| #define HAVE_DLFCN_H 1
| #define LT_OBJDIR ".libs/"
| /* end confdefs.h.  */
| #include <ac_nonexistent.h>
configure:11969: result: g++ -E
configure:11989: g++ -E  conftest.cpp
configure:11989: $? = 0
configure:12003: g++ -E  conftest.cpp
conftest.cpp:23:28: fatal error: ac_nonexistent.h: No such file or directory
compilation terminated.
configure:12003: $? = 1
configure: failed program was:
| /* confdefs.h */
| #define PACKAGE_NAME "Google C++ Testing Framework"
| #define PACKAGE_TARNAME "gtest"
| #define PACKAGE_VERSION "1.5.0"
| #define PACKAGE_STRING "Google C++ Testing Framework 1.5.0"
| #define PACKAGE_BUGREPORT "googletestframework@googlegroups.com"
| #define PACKAGE_URL ""
| #define PACKAGE "gtest"
| #define VERSION "1.5.0"
| #define STDC_HEADERS 1
| #define HAVE_SYS_TYPES_H 1
| #define HAVE_SYS_STAT_H 1
| #define HAVE_STDLIB_H 1
| #define HAVE_STRING_H 1
| #define HAVE_MEMORY_H 1
| #define HAVE_STRINGS_H 1
| #define HAVE_INTTYPES_H 1
| #define HAVE_STDINT_H 1
| #define HAVE_UNISTD_H 1
| #define HAVE_DLFCN_H 1
| #define LT_OBJDIR ".libs/"
| /* end confdefs.h.  */
| #include <ac_nonexistent.h>
configure:12172: checking for ld used by g++
configure:12239: result: /usr/bin/ld
configure:12246: checking if the linker (/usr/bin/ld) is GNU ld
configure:12261: result: yes
configure:12316: checking whether the g++ linker (/usr/bin/ld) supports shared libraries
configure:13318: result: yes
configure:13354: g++ -c -fPIC -g -DNDEBUG  conftest.cpp >&5
configure:13357: $? = 0
configure:13877: checking for g++ option to produce PIC
configure:13884: result: -fPIC -DPIC
configure:13892: checking if g++ PIC flag -fPIC -DPIC works
configure:13910: g++ -c -fPIC -g -DNDEBUG  -fPIC -DPIC -DPIC conftest.cpp >&5
configure:13914: $? = 0
configure:13927: result: yes
configure:13950: checking if g++ static flag -static works
configure:13978: result: yes
configure:13990: checking if g++ supports -c -o file.o
configure:14011: g++ -c -fPIC -g -DNDEBUG  -o out/conftest2.o conftest.cpp >&5
configure:14015: $? = 0
configure:14037: result: yes
configure:14042: checking if g++ supports -c -o file.o
configure:14089: result: yes
configure:14119: checking whether the g++ linker (/usr/bin/ld) supports shared libraries
configure:14158: result: yes
configure:14299: checking dynamic linker characteristics
configure:14967: result: GNU/Linux ld.so
configure:15020: checking how to hardcode library paths into programs
configure:15045: result: immediate
configure:15115: checking for python
configure:15146: result: :
configure:15360: checking for the pthreads library -lpthreads
configure:15393: gcc -o conftest -fPIC    conftest.c -lpthreads  >&5
conftest.c: In function 'main':
conftest.c:28:22: warning: null argument where non-null required (argument 1) [-Wnonnull]
                      pthread_attr_init(0); pthread_cleanup_push(0, 0);
                      ^
conftest.c:29:22: warning: null argument where non-null required (argument 1) [-Wnonnull]
                      pthread_create(0,0,0,0); pthread_cleanup_pop(0);
                      ^
conftest.c:29:22: warning: null argument where non-null required (argument 3) [-Wnonnull]
/usr/bin/ld: cannot find -lpthreads
collect2: error: ld returned 1 exit status
configure:15393: $? = 1
configure: failed program was:
| /* confdefs.h */
| #define PACKAGE_NAME "Google C++ Testing Framework"
| #define PACKAGE_TARNAME "gtest"
| #define PACKAGE_VERSION "1.5.0"
| #define PACKAGE_STRING "Google C++ Testing Framework 1.5.0"
| #define PACKAGE_BUGREPORT "googletestframework@googlegroups.com"
| #define PACKAGE_URL ""
| #define PACKAGE "gtest"
| #define VERSION "1.5.0"
| #define STDC_HEADERS 1
| #define HAVE_SYS_TYPES_H 1
| #define HAVE_SYS_STAT_H 1
| #define HAVE_STDLIB_H 1
| #define HAVE_STRING_H 1
| #define HAVE_MEMORY_H 1
| #define HAVE_STRINGS_H 1
| #define HAVE_INTTYPES_H 1
| #define HAVE_STDINT_H 1
| #define HAVE_UNISTD_H 1
| #define HAVE_DLFCN_H 1
| #define LT_OBJDIR ".libs/"
| /* end confdefs.h.  */
| #include <pthread.h>
| int
| main ()
| {
| pthread_t th; pthread_join(th, 0);
|                      pthread_attr_init(0); pthread_cleanup_push(0, 0);
|                      pthread_create(0,0,0,0); pthread_cleanup_pop(0);
|   ;
|   return 0;
| }
configure:15402: result: no
configure:15305: checking whether pthreads work without any flags
configure:15393: gcc -o conftest -fPIC    conftest.c   >&5
conftest.c: In function 'main':
conftest.c:28:22: warning: null argument where non-null required (argument 1) [-Wnonnull]
                      pthread_attr_init(0); pthread_cleanup_push(0, 0);
                      ^
conftest.c:29:22: warning: null argument where non-null required (argument 1) [-Wnonnull]
                      pthread_create(0,0,0,0); pthread_cleanup_pop(0);
                      ^
conftest.c:29:22: warning: null argument where non-null required (argument 3) [-Wnonnull]
/tmp/cc8nGMyB.o: In function `main':
conftest.c:(.text+0x24): undefined reference to `pthread_join'
conftest.c:(.text+0x6c): undefined reference to `__pthread_register_cancel'
conftest.c:(.text+0x80): undefined reference to `pthread_create'
conftest.c:(.text+0x88): undefined reference to `__pthread_unregister_cancel'
collect2: error: ld returned 1 exit status
configure:15393: $? = 1
configure: failed program was:
| /* confdefs.h */
| #define PACKAGE_NAME "Google C++ Testing Framework"
| #define PACKAGE_TARNAME "gtest"
| #define PACKAGE_VERSION "1.5.0"
| #define PACKAGE_STRING "Google C++ Testing Framework 1.5.0"
| #define PACKAGE_BUGREPORT "googletestframework@googlegroups.com"
| #define PACKAGE_URL ""
| #define PACKAGE "gtest"
| #define VERSION "1.5.0"
| #define STDC_HEADERS 1
| #define HAVE_SYS_TYPES_H 1
| #define HAVE_SYS_STAT_H 1
| #define HAVE_STDLIB_H 1
| #define HAVE_STRING_H 1
| #define HAVE_MEMORY_H 1
| #define HAVE_STRINGS_H 1
| #define HAVE_INTTYPES_H 1
| #define HAVE_STDINT_H 1
| #define HAVE_UNISTD_H 1
| #define HAVE_DLFCN_H 1
| #define LT_OBJDIR ".libs/"
| /* end confdefs.h.  */
| #include <pthread.h>
| int
| main ()
| {
| pthread_t th; pthread_join(th, 0);
|                      pthread_attr_init(0); pthread_cleanup_push(0, 0);
|                      pthread_create(0,0,0,0); pthread_cleanup_pop(0);
|   ;
|   return 0;
| }
configure:15402: result: no
configure:15310: checking whether pthreads work with -Kthread
configure:15393: gcc -o conftest -fPIC -Kthread   conftest.c   >&5
gcc: error: unrecognized command line option '-Kthread'
configure:15393: $? = 1
configure: failed program was:
| /* confdefs.h */
| #define PACKAGE_NAME "Google C++ Testing Framework"
| #define PACKAGE_TARNAME "gtest"
| #define PACKAGE_VERSION "1.5.0"
| #define PACKAGE_STRING "Google C++ Testing Framework 1.5.0"
| #define PACKAGE_BUGREPORT "googletestframework@googlegroups.com"
| #define PACKAGE_URL ""
| #define PACKAGE "gtest"
| #define VERSION "1.5.0"
| #define STDC_HEADERS 1
| #define HAVE_SYS_TYPES_H 1
| #define HAVE_SYS_STAT_H 1
| #define HAVE_STDLIB_H 1
| #define HAVE_STRING_H 1
| #define HAVE_MEMORY_H 1
| #define HAVE_STRINGS_H 1
| #define HAVE_INTTYPES_H 1
| #define HAVE_STDINT_H 1
| #define HAVE_UNISTD_H 1
| #define HAVE_DLFCN_H 1
| #define LT_OBJDIR ".libs/"
| /* end confdefs.h.  */
| #include <pthread.h>
| int
| main ()
| {
| pthread_t th; pthread_join(th, 0);
|                      pthread_attr_init(0); pthread_cleanup_push(0, 0);
|                      pthread_create(0,0,0,0); pthread_cleanup_pop(0);
|   ;
|   return 0;
| }
configure:15402: result: no
configure:15310: checking whether pthreads work with -kthread
configure:15393: gcc -o conftest -fPIC -kthread   conftest.c   >&5
gcc: error: unrecognized command line option '-kthread'
configure:15393: $? = 1
configure: failed program was:
| /* confdefs.h */
| #define PACKAGE_NAME "Google C++ Testing Framework"
| #define PACKAGE_TARNAME "gtest"
| #define PACKAGE_VERSION "1.5.0"
| #define PACKAGE_STRING "Google C++ Testing Framework 1.5.0"
| #define PACKAGE_BUGREPORT "googletestframework@googlegroups.com"
| #define PACKAGE_URL ""
| #define PACKAGE "gtest"
| #define VERSION "1.5.0"
| #define STDC_HEADERS 1
| #define HAVE_SYS_TYPES_H 1
| #define HAVE_SYS_STAT_H 1
| #define HAVE_STDLIB_H 1
| #define HAVE_STRING_H 1
| #define HAVE_MEMORY_H 1
| #define HAVE_STRINGS_H 1
| #define HAVE_INTTYPES_H 1
| #define HAVE_STDINT_H 1
| #define HAVE_UNISTD_H 1
| #define HAVE_DLFCN_H 1
| #define LT_OBJDIR ".libs/"
| /* end confdefs.h.  */
| #include <pthread.h>
| int
| main ()
| {
| pthread_t th; pthread_join(th, 0);
|                      pthread_attr_init(0); pthread_cleanup_push(0, 0);
|                      pthread_create(0,0,0,0); pthread_cleanup_pop(0);
|   ;
|   return 0;
| }
configure:15402: result: no
configure:15360: checking for the pthreads library -llthread
configure:15393: gcc -o conftest -fPIC    conftest.c -llthread  >&5
conftest.c: In function 'main':
conftest.c:28:22: warning: null argument where non-null required (argument 1) [-Wnonnull]
                      pthread_attr_init(0); pthread_cleanup_push(0, 0);
                      ^
conftest.c:29:22: warning: null argument where non-null required (argument 1) [-Wnonnull]
                      pthread_create(0,0,0,0); pthread_cleanup_pop(0);
                      ^
conftest.c:29:22: warning: null argument where non-null required (argument 3) [-Wnonnull]
/usr/bin/ld: cannot find -llthread
collect2: error: ld returned 1 exit status
configure:15393: $? = 1
configure: failed program was:
| /* confdefs.h */
| #define PACKAGE_NAME "Google C++ Testing Framework"
| #define PACKAGE_TARNAME "gtest"
| #define PACKAGE_VERSION "1.5.0"
| #define PACKAGE_STRING "Google C++ Testing Framework 1.5.0"
| #define PACKAGE_BUGREPORT "googletestframework@googlegroups.com"
| #define PACKAGE_URL ""
| #define PACKAGE "gtest"
| #define VERSION "1.5.0"
| #define STDC_HEADERS 1
| #define HAVE_SYS_TYPES_H 1
| #define HAVE_SYS_STAT_H 1
| #define HAVE_STDLIB_H 1
| #define HAVE_STRING_H 1
| #define HAVE_MEMORY_H 1
| #define HAVE_STRINGS_H 1
| #define HAVE_INTTYPES_H 1
| #define HAVE_STDINT_H 1
| #define HAVE_UNISTD_H 1
| #define HAVE_DLFCN_H 1
| #define LT_OBJDIR ".libs/"
| /* end confdefs.h.  */
| #include <pthread.h>
| int
| main ()
| {
| pthread_t th; pthread_join(th, 0);
|                      pthread_attr_init(0); pthread_cleanup_push(0, 0);
|                      pthread_create(0,0,0,0); pthread_cleanup_pop(0);
|   ;
|   return 0;
| }
configure:15402: result: no
configure:15310: checking whether pthreads work with -pthread
configure:15393: gcc -o conftest -fPIC -pthread   conftest.c   >&5
conftest.c: In function 'main':
conftest.c:28:22: warning: null argument where non-null required (argument 1) [-Wnonnull]
                      pthread_attr_init(0); pthread_cleanup_push(0, 0);
                      ^
conftest.c:29:22: warning: null argument where non-null required (argument 1) [-Wnonnull]
                      pthread_create(0,0,0,0); pthread_cleanup_pop(0);
                      ^
conftest.c:29:22: warning: null argument where non-null required (argument 3) [-Wnonnull]
configure:15393: $? = 0
configure:15402: result: yes
configure:15421: checking for joinable pthread attribute
configure:15436: gcc -o conftest -fPIC -pthread   conftest.c   >&5
configure:15436: $? = 0
configure:15442: result: PTHREAD_CREATE_JOINABLE
configure:15452: checking if more special flags are required for pthreads
configure:15459: result: no
configure:15548: checking whether to check for GCC pthread/shared inconsistencies
configure:15561: gcc -o conftest -shared -fPIC -Wl,-z,defs -fPIC -pthread   conftest.c   >&5
configure:15561: $? = 0
configure:15573: result: yes
configure:15579: checking whether -pthread is sufficient with -shared
configure:15594: gcc -o conftest -shared -fPIC -Wl,-z,defs -fPIC -pthread   conftest.c   >&5
conftest.c: In function 'main':
conftest.c:28:8: warning: null argument where non-null required (argument 1) [-Wnonnull]
        pthread_attr_init(0); pthread_cleanup_push(0, 0);
        ^
conftest.c:29:8: warning: null argument where non-null required (argument 1) [-Wnonnull]
        pthread_create(0,0,0,0); pthread_cleanup_pop(0);
        ^
conftest.c:29:8: warning: null argument where non-null required (argument 3) [-Wnonnull]
configure:15594: $? = 0
configure:15601: result: yes
configure:15850: checking that generated files are newer than configure
configure:15856: result: done
configure:15891: creating ./config.status

## ---------------------- ##
## Running config.status. ##
## ---------------------- ##

This file was extended by Google C++ Testing Framework config.status 1.5.0, which was
generated by GNU Autoconf 2.69.  Invocation command line was

  CONFIG_FILES    = 
  CONFIG_HEADERS  = 
  CONFIG_LINKS    = 
  CONFIG_COMMANDS = 
  $ ./config.status 

on ZCU102.16.04

config.status:1154: creating Makefile
config.status:1154: creating scripts/gtest-config
config.status:1154: creating build-aux/config.h
config.status:1335: build-aux/config.h is unchanged
config.status:1383: executing depfiles commands
config.status:1383: executing libtool commands

## ---------------- ##
## Cache variables. ##
## ---------------- ##

ac_cv_build=aarch64-unknown-linux-gnu
ac_cv_c_compiler_gnu=yes
ac_cv_cxx_compiler_gnu=yes
ac_cv_env_CCC_set=
ac_cv_env_CCC_value=
ac_cv_env_CC_set=
ac_cv_env_CC_value=
ac_cv_env_CFLAGS_set=set
ac_cv_env_CFLAGS_value=-fPIC
ac_cv_env_CPPFLAGS_set=
ac_cv_env_CPPFLAGS_value=
ac_cv_env_CPP_set=
ac_cv_env_CPP_value=
ac_cv_env_CXXCPP_set=
ac_cv_env_CXXCPP_value=
ac_cv_env_CXXFLAGS_set=set
ac_cv_env_CXXFLAGS_value='-fPIC -g -DNDEBUG'
ac_cv_env_CXX_set=
ac_cv_env_CXX_value=
ac_cv_env_LDFLAGS_set=
ac_cv_env_LDFLAGS_value=
ac_cv_env_LIBS_set=
ac_cv_env_LIBS_value=
ac_cv_env_build_alias_set=
ac_cv_env_build_alias_value=
ac_cv_env_host_alias_set=
ac_cv_env_host_alias_value=
ac_cv_env_target_alias_set=
ac_cv_env_target_alias_value=
ac_cv_header_dlfcn_h=yes
ac_cv_header_inttypes_h=yes
ac_cv_header_memory_h=yes
ac_cv_header_stdc=yes
ac_cv_header_stdint_h=yes
ac_cv_header_stdlib_h=yes
ac_cv_header_string_h=yes
ac_cv_header_strings_h=yes
ac_cv_header_sys_stat_h=yes
ac_cv_header_sys_types_h=yes
ac_cv_header_unistd_h=yes
ac_cv_host=aarch64-unknown-linux-gnu
ac_cv_objext=o
ac_cv_path_EGREP='/bin/grep -E'
ac_cv_path_FGREP='/bin/grep -F'
ac_cv_path_GREP=/bin/grep
ac_cv_path_PYTHON=:
ac_cv_path_SED=/bin/sed
ac_cv_path_install='/usr/bin/install -c'
ac_cv_path_mkdir=/bin/mkdir
ac_cv_prog_AWK=mawk
ac_cv_prog_CPP='gcc -E'
ac_cv_prog_CXXCPP='g++ -E'
ac_cv_prog_ac_ct_AR=ar
ac_cv_prog_ac_ct_CC=gcc
ac_cv_prog_ac_ct_CXX=g++
ac_cv_prog_ac_ct_OBJDUMP=objdump
ac_cv_prog_ac_ct_RANLIB=ranlib
ac_cv_prog_ac_ct_STRIP=strip
ac_cv_prog_cc_c89=
ac_cv_prog_cc_g=yes
ac_cv_prog_cxx_g=yes
ac_cv_prog_make_make_set=yes
am_cv_CC_dependencies_compiler_type=gcc3
am_cv_CXX_dependencies_compiler_type=gcc3
am_cv_make_support_nested_variables=yes
am_cv_prog_cc_c_o=yes
lt_cv_ar_at_file=@
lt_cv_archive_cmds_need_lc=no
lt_cv_deplibs_check_method=pass_all
lt_cv_file_magic_cmd='$MAGIC_CMD'
lt_cv_file_magic_test_file=
lt_cv_ld_reload_flag=-r
lt_cv_nm_interface='BSD nm'
lt_cv_objdir=.libs
lt_cv_path_LD=/usr/bin/ld
lt_cv_path_LDCXX=/usr/bin/ld
lt_cv_path_NM='/usr/bin/nm -B'
lt_cv_path_mainfest_tool=no
lt_cv_prog_compiler_c_o=yes
lt_cv_prog_compiler_c_o_CXX=yes
lt_cv_prog_compiler_pic='-fPIC -DPIC'
lt_cv_prog_compiler_pic_CXX='-fPIC -DPIC'
lt_cv_prog_compiler_pic_works=yes
lt_cv_prog_compiler_pic_works_CXX=yes
lt_cv_prog_compiler_rtti_exceptions=no
lt_cv_prog_compiler_static_works=yes
lt_cv_prog_compiler_static_works_CXX=yes
lt_cv_prog_gnu_ld=yes
lt_cv_prog_gnu_ldcxx=yes
lt_cv_sharedlib_from_linklib_cmd='printf %s\n'
lt_cv_shlibpath_overrides_runpath=no
lt_cv_sys_global_symbol_pipe='sed -n -e '\''s/^.*[	 ]\([ABCDGIRSTW][ABCDGIRSTW]*\)[	 ][	 ]*\([_A-Za-z][_A-Za-z0-9]*\)$/\1 \2 \2/p'\'' | sed '\''/ __gnu_lto/d'\'''
lt_cv_sys_global_symbol_to_c_name_address='sed -n -e '\''s/^: \([^ ]*\)[ ]*$/  {\"\1\", (void *) 0},/p'\'' -e '\''s/^[ABCDGIRSTW]* \([^ ]*\) \([^ ]*\)$/  {"\2", (void *) \&\2},/p'\'''
lt_cv_sys_global_symbol_to_c_name_address_lib_prefix='sed -n -e '\''s/^: \([^ ]*\)[ ]*$/  {\"\1\", (void *) 0},/p'\'' -e '\''s/^[ABCDGIRSTW]* \([^ ]*\) \(lib[^ ]*\)$/  {"\2", (void *) \&\2},/p'\'' -e '\''s/^[ABCDGIRSTW]* \([^ ]*\) \([^ ]*\)$/  {"lib\2", (void *) \&\2},/p'\'''
lt_cv_sys_global_symbol_to_cdecl='sed -n -e '\''s/^T .* \(.*\)$/extern int \1();/p'\'' -e '\''s/^[ABCDGIRSTW]* .* \(.*\)$/extern char \1;/p'\'''
lt_cv_sys_max_cmd_len=1572864
lt_cv_to_host_file_cmd=func_convert_file_noop
lt_cv_to_tool_file_cmd=func_convert_file_noop

## ----------------- ##
## Output variables. ##
## ----------------- ##

ACLOCAL='${SHELL} /root/umd/external/protobuf-2.6/gtest/build-aux/missing aclocal-1.14'
AMDEPBACKSLASH='\'
AMDEP_FALSE='#'
AMDEP_TRUE=''
AMTAR='$${TAR-tar}'
AM_BACKSLASH='\'
AM_DEFAULT_V='$(AM_DEFAULT_VERBOSITY)'
AM_DEFAULT_VERBOSITY='1'
AM_V='$(V)'
AR='ar'
AUTOCONF='${SHELL} /root/umd/external/protobuf-2.6/gtest/build-aux/missing autoconf'
AUTOHEADER='${SHELL} /root/umd/external/protobuf-2.6/gtest/build-aux/missing autoheader'
AUTOMAKE='${SHELL} /root/umd/external/protobuf-2.6/gtest/build-aux/missing automake-1.14'
AWK='mawk'
CC='gcc'
CCDEPMODE='depmode=gcc3'
CFLAGS='-fPIC'
CPP='gcc -E'
CPPFLAGS=''
CXX='g++'
CXXCPP='g++ -E'
CXXDEPMODE='depmode=gcc3'
CXXFLAGS='-fPIC -g -DNDEBUG'
CYGPATH_W='echo'
DEFS='-DHAVE_CONFIG_H'
DEPDIR='.deps'
DLLTOOL='false'
DSYMUTIL=''
DUMPBIN=''
ECHO_C=''
ECHO_N='-n'
ECHO_T=''
EGREP='/bin/grep -E'
EXEEXT=''
FGREP='/bin/grep -F'
GREP='/bin/grep'
HAVE_PTHREADS_FALSE='#'
HAVE_PTHREADS_TRUE=''
HAVE_PYTHON_FALSE=''
HAVE_PYTHON_TRUE='#'
INSTALL_DATA='${INSTALL} -m 644'
INSTALL_PROGRAM='${INSTALL}'
INSTALL_SCRIPT='${INSTALL}'
INSTALL_STRIP_PROGRAM='$(install_sh) -c -s'
LD='/usr/bin/ld'
LDFLAGS=''
LIBOBJS=''
LIBS=''
LIBTOOL='$(SHELL) $(top_builddir)/libtool'
LIPO=''
LN_S='ln -s'
LTLIBOBJS=''
MAKEINFO='${SHELL} /root/umd/external/protobuf-2.6/gtest/build-aux/missing makeinfo'
MANIFEST_TOOL=':'
MKDIR_P='/bin/mkdir -p'
NM='/usr/bin/nm -B'
NMEDIT=''
OBJDUMP='objdump'
OBJEXT='o'
OTOOL64=''
OTOOL=''
PACKAGE='gtest'
PACKAGE_BUGREPORT='googletestframework@googlegroups.com'
PACKAGE_NAME='Google C++ Testing Framework'
PACKAGE_STRING='Google C++ Testing Framework 1.5.0'
PACKAGE_TARNAME='gtest'
PACKAGE_URL=''
PACKAGE_VERSION='1.5.0'
PATH_SEPARATOR=':'
PTHREAD_CC='gcc'
PTHREAD_CFLAGS='-pthread'
PTHREAD_LIBS=''
PYTHON=':'
RANLIB='ranlib'
SED='/bin/sed'
SET_MAKE=''
SHELL='/bin/bash'
STRIP='strip'
VERSION='1.5.0'
ac_ct_AR='ar'
ac_ct_CC='gcc'
ac_ct_CXX='g++'
ac_ct_DUMPBIN=''
acx_pthread_config=''
am__EXEEXT_FALSE=''
am__EXEEXT_TRUE='#'
am__fastdepCC_FALSE='#'
am__fastdepCC_TRUE=''
am__fastdepCXX_FALSE='#'
am__fastdepCXX_TRUE=''
am__include='include'
am__isrc=''
am__leading_dot='.'
am__nodep='_no'
am__quote=''
am__tar='$${TAR-tar} chof - "$$tardir"'
am__untar='$${TAR-tar} xf -'
bindir='${exec_prefix}/bin'
build='aarch64-unknown-linux-gnu'
build_alias=''
build_cpu='aarch64'
build_os='linux-gnu'
build_vendor='unknown'
datadir='${datarootdir}'
datarootdir='${prefix}/share'
docdir='${datarootdir}/doc/${PACKAGE_TARNAME}'
dvidir='${docdir}'
exec_prefix='${prefix}'
host='aarch64-unknown-linux-gnu'
host_alias=''
host_cpu='aarch64'
host_os='linux-gnu'
host_vendor='unknown'
htmldir='${docdir}'
includedir='${prefix}/include'
infodir='${datarootdir}/info'
install_sh='${SHELL} /root/umd/external/protobuf-2.6/gtest/build-aux/install-sh'
libdir='${exec_prefix}/lib'
libexecdir='${exec_prefix}/libexec'
localedir='${datarootdir}/locale'
localstatedir='${prefix}/var'
mandir='${datarootdir}/man'
mkdir_p='$(MKDIR_P)'
oldincludedir='/usr/include'
pdfdir='${docdir}'
prefix='/usr/local'
program_transform_name='s,x,x,'
psdir='${docdir}'
sbindir='${exec_prefix}/sbin'
sharedstatedir='${prefix}/com'
sysconfdir='${prefix}/etc'
target_alias=''

## ----------- ##
## confdefs.h. ##
## ----------- ##

/* confdefs.h */
#define PACKAGE_NAME "Google C++ Testing Framework"
#define PACKAGE_TARNAME "gtest"
#define PACKAGE_VERSION "1.5.0"
#define PACKAGE_STRING "Google C++ Testing Framework 1.5.0"
#define PACKAGE_BUGREPORT "googletestframework@googlegroups.com"
#define PACKAGE_URL ""
#define PACKAGE "gtest"
#define VERSION "1.5.0"
#define STDC_HEADERS 1
#define HAVE_SYS_TYPES_H 1
#define HAVE_SYS_STAT_H 1
#define HAVE_STDLIB_H 1
#define HAVE_STRING_H 1
#define HAVE_MEMORY_H 1
#define HAVE_STRINGS_H 1
#define HAVE_INTTYPES_H 1
#define HAVE_STDINT_H 1
#define HAVE_UNISTD_H 1
#define HAVE_DLFCN_H 1
#define LT_OBJDIR ".libs/"
#define HAVE_PTHREAD 1

configure: exit 0
